<?xml version="1.0" encoding="UTF-8" ?>
<testsuite failures="3" time="129.894" errors="0" skipped="0" tests="6" name="TestSuite">
  <properties>
[...]
</properties>
  <testcase time="14.568" classname="com.tagrem.cars.test.CarsNewTest" name="login"/>
  <testcase time="21.844" classname="com.tagrem.cars.test.CarsNewTest" name="createAttribute"/>
  <testcase time="0.09" classname="com.tagrem.cars.test.CarsNewTest" name="deleteAttribute">
    <failure message="Unable to locate element: {&quot;method&quot;:&quot;xpath&quot;,&quot;selector&quot;:&quot;//tbody/tr[1]/td[1]&quot;}
Command duration or timeout: 54 milliseconds
For documentation on this error, please visit: http://seleniumhq.org/exceptions/no_such_element.html
Build info: version: &apos;2.48.2&apos;, revision: &apos;41bccdd10cf2c0560f637404c2d96164b67d9d67&apos;, time: &apos;2015-10-09 13:08:06&apos;
System info: host: &apos;VAIO&apos;, ip: &apos;10.0.1.55&apos;, os.name: &apos;Windows 8.1&apos;, os.arch: &apos;amd64&apos;, os.version: &apos;6.3&apos;, java.version: &apos;1.7.0_79&apos;
*** Element info: {Using=xpath, value=//tbody/tr[1]/td[1]}
Session ID: a047b861-211a-45ff-91dd-96fd509fceec
Driver info: org.openqa.selenium.firefox.FirefoxDriver
Capabilities [{platform=WINDOWS, acceptSslCerts=true, javascriptEnabled=true, cssSelectorsEnabled=true, databaseEnabled=true, browserName=firefox, handlesAlerts=true, nativeEvents=false, webStorageEnabled=true, rotatable=false, locationContextEnabled=true, applicationCacheEnabled=true, takesScreenshot=true, version=41.0.1}]" type="org.openqa.selenium.NoSuchElementException">org.openqa.selenium.NoSuchElementException: Unable to locate element: {&quot;method&quot;:&quot;xpath&quot;,&quot;selector&quot;:&quot;//tbody/tr[1]/td[1]&quot;}
Command duration or timeout: 54 milliseconds
For documentation on this error, please visit: http://seleniumhq.org/exceptions/no_such_element.html
Build info: version: &apos;2.48.2&apos;, revision: &apos;41bccdd10cf2c0560f637404c2d96164b67d9d67&apos;, time: &apos;2015-10-09 13:08:06&apos;
System info: host: &apos;VAIO&apos;, ip: &apos;10.0.1.55&apos;, os.name: &apos;Windows 8.1&apos;, os.arch: &apos;amd64&apos;, os.version: &apos;6.3&apos;, java.version: &apos;1.7.0_79&apos;
*** Element info: {Using=xpath, value=//tbody/tr[1]/td[1]}
Session ID: a047b861-211a-45ff-91dd-96fd509fceec
Driver info: org.openqa.selenium.firefox.FirefoxDriver
Capabilities [{platform=WINDOWS, acceptSslCerts=true, javascriptEnabled=true, cssSelectorsEnabled=true, databaseEnabled=true, browserName=firefox, handlesAlerts=true, nativeEvents=false, webStorageEnabled=true, rotatable=false, locationContextEnabled=true, applicationCacheEnabled=true, takesScreenshot=true, version=41.0.1}]
	at sun.reflect.NativeConstructorAccessorImpl.newInstance0(Native Method)
	at sun.reflect.NativeConstructorAccessorImpl.newInstance(NativeConstructorAccessorImpl.java:57)
	at sun.reflect.DelegatingConstructorAccessorImpl.newInstance(DelegatingConstructorAccessorImpl.java:45)
	at java.lang.reflect.Constructor.newInstance(Constructor.java:526)
	at org.openqa.selenium.remote.ErrorHandler.createThrowable(ErrorHandler.java:206)
	at org.openqa.selenium.remote.ErrorHandler.throwIfResponseFailed(ErrorHandler.java:158)
	at org.openqa.selenium.remote.RemoteWebDriver.execute(RemoteWebDriver.java:647)
	at org.openqa.selenium.remote.RemoteWebDriver.findElement(RemoteWebDriver.java:353)
	at org.openqa.selenium.remote.RemoteWebDriver.findElementByXPath(RemoteWebDriver.java:490)
	at org.openqa.selenium.By$ByXPath.findElement(By.java:361)
	at org.openqa.selenium.remote.RemoteWebDriver.findElement(RemoteWebDriver.java:345)
	at com.tagrem.cars.test.DeleteAttribute.deleteAttribute(DeleteAttribute.java:17)
	at com.tagrem.cars.test.CarsNewTest.deleteAttribute(CarsNewTest.java:33)
Caused by: org.openqa.selenium.NoSuchElementException: Unable to locate element: {&quot;method&quot;:&quot;xpath&quot;,&quot;selector&quot;:&quot;//tbody/tr[1]/td[1]&quot;}
For documentation on this error, please visit: http://seleniumhq.org/exceptions/no_such_element.html
Build info: version: &apos;2.48.2&apos;, revision: &apos;41bccdd10cf2c0560f637404c2d96164b67d9d67&apos;, time: &apos;2015-10-09 13:08:06&apos;
System info: host: &apos;VAIO&apos;, ip: &apos;10.0.1.55&apos;, os.name: &apos;Windows 8.1&apos;, os.arch: &apos;amd64&apos;, os.version: &apos;6.3&apos;, java.version: &apos;1.7.0_79&apos;
Driver info: driver.version: unknown
	at &lt;anonymous class&gt;.FirefoxDriver.prototype.findElementInternal_(file:///C:/Users/tagrem/AppData/Local/Temp/anonymous8144875014094039168webdriver-profile/extensions/fxdriver@googlecode.com/components/driver-component.js:10659)
	at &lt;anonymous class&gt;.FirefoxDriver.prototype.findElement(file:///C:/Users/tagrem/AppData/Local/Temp/anonymous8144875014094039168webdriver-profile/extensions/fxdriver@googlecode.com/components/driver-component.js:10668)
	at &lt;anonymous class&gt;.DelayedCommand.prototype.executeInternal_/h(file:///C:/Users/tagrem/AppData/Local/Temp/anonymous8144875014094039168webdriver-profile/extensions/fxdriver@googlecode.com/components/command-processor.js:12534)
	at &lt;anonymous class&gt;.DelayedCommand.prototype.executeInternal_(file:///C:/Users/tagrem/AppData/Local/Temp/anonymous8144875014094039168webdriver-profile/extensions/fxdriver@googlecode.com/components/command-processor.js:12539)
	at &lt;anonymous class&gt;.DelayedCommand.prototype.execute/&lt;(file:///C:/Users/tagrem/AppData/Local/Temp/anonymous8144875014094039168webdriver-profile/extensions/fxdriver@googlecode.com/components/command-processor.js:12481)
</failure>
  </testcase>
  <testcase time="24.231" classname="com.tagrem.cars.test.CarsNewTest" name="createAttributeGroup"/>
  <testcase time="68.13" classname="com.tagrem.cars.test.CarsNewTest" name="deleteAttributeGroup">
    <failure message="Error communicating with the remote browser. It may have died.
Build info: version: &apos;2.48.2&apos;, revision: &apos;41bccdd10cf2c0560f637404c2d96164b67d9d67&apos;, time: &apos;2015-10-09 13:08:06&apos;
System info: host: &apos;VAIO&apos;, ip: &apos;10.0.1.55&apos;, os.name: &apos;Windows 8.1&apos;, os.arch: &apos;amd64&apos;, os.version: &apos;6.3&apos;, java.version: &apos;1.7.0_79&apos;
Driver info: driver.version: RemoteWebDriver" type="org.openqa.selenium.remote.UnreachableBrowserException">org.openqa.selenium.remote.UnreachableBrowserException: Error communicating with the remote browser. It may have died.
Build info: version: &apos;2.48.2&apos;, revision: &apos;41bccdd10cf2c0560f637404c2d96164b67d9d67&apos;, time: &apos;2015-10-09 13:08:06&apos;
System info: host: &apos;VAIO&apos;, ip: &apos;10.0.1.55&apos;, os.name: &apos;Windows 8.1&apos;, os.arch: &apos;amd64&apos;, os.version: &apos;6.3&apos;, java.version: &apos;1.7.0_79&apos;
Driver info: driver.version: RemoteWebDriver
	at org.openqa.selenium.remote.RemoteWebDriver.execute(RemoteWebDriver.java:641)
	at org.openqa.selenium.remote.RemoteWebDriver.findElement(RemoteWebDriver.java:353)
	at org.openqa.selenium.remote.RemoteWebDriver.findElementByXPath(RemoteWebDriver.java:490)
	at org.openqa.selenium.By$ByXPath.findElement(By.java:361)
	at org.openqa.selenium.remote.RemoteWebDriver.findElement(RemoteWebDriver.java:345)
	at com.tagrem.cars.test.DeleteAttributeGroup.deleteAttributeGroup(DeleteAttributeGroup.java:19)
	at com.tagrem.cars.test.CarsNewTest.deleteAttributeGroup(CarsNewTest.java:49)
Caused by: org.apache.http.conn.HttpHostConnectException: Connect to 127.0.0.1:7055 [/127.0.0.1] failed: Connection refused: connect
	at org.apache.http.impl.conn.DefaultHttpClientConnectionOperator.connect(DefaultHttpClientConnectionOperator.java:151)
	at org.apache.http.impl.conn.PoolingHttpClientConnectionManager.connect(PoolingHttpClientConnectionManager.java:353)
	at org.apache.http.impl.execchain.MainClientExec.establishRoute(MainClientExec.java:380)
	at org.apache.http.impl.execchain.MainClientExec.execute(MainClientExec.java:236)
	at org.apache.http.impl.execchain.ProtocolExec.execute(ProtocolExec.java:184)
	at org.apache.http.impl.execchain.RetryExec.execute(RetryExec.java:88)
	at org.apache.http.impl.execchain.RedirectExec.execute(RedirectExec.java:110)
	at org.apache.http.impl.client.InternalHttpClient.doExecute(InternalHttpClient.java:184)
	at org.apache.http.impl.client.CloseableHttpClient.execute(CloseableHttpClient.java:71)
	at org.apache.http.impl.client.CloseableHttpClient.execute(CloseableHttpClient.java:55)
	at org.openqa.selenium.remote.internal.ApacheHttpClient.fallBackExecute(ApacheHttpClient.java:161)
	at org.openqa.selenium.remote.internal.ApacheHttpClient.execute(ApacheHttpClient.java:89)
	at org.openqa.selenium.remote.HttpCommandExecutor.execute(HttpCommandExecutor.java:142)
	at org.openqa.selenium.firefox.internal.NewProfileExtensionConnection.execute(NewProfileExtensionConnection.java:170)
	at org.openqa.selenium.firefox.FirefoxDriver$LazyCommandExecutor.execute(FirefoxDriver.java:380)
	at org.openqa.selenium.remote.RemoteWebDriver.execute(RemoteWebDriver.java:620)
	... 19 more
Caused by: java.net.ConnectException: Connection refused: connect
	at java.net.DualStackPlainSocketImpl.waitForConnect(Native Method)
	at java.net.DualStackPlainSocketImpl.socketConnect(DualStackPlainSocketImpl.java:85)
	at java.net.AbstractPlainSocketImpl.doConnect(AbstractPlainSocketImpl.java:339)
	at java.net.AbstractPlainSocketImpl.connectToAddress(AbstractPlainSocketImpl.java:200)
	at java.net.AbstractPlainSocketImpl.connect(AbstractPlainSocketImpl.java:182)
	at java.net.PlainSocketImpl.connect(PlainSocketImpl.java:172)
	at java.net.SocksSocketImpl.connect(SocksSocketImpl.java:392)
	at java.net.Socket.connect(Socket.java:579)
	at org.apache.http.conn.socket.PlainConnectionSocketFactory.connectSocket(PlainConnectionSocketFactory.java:74)
	at org.apache.http.impl.conn.DefaultHttpClientConnectionOperator.connect(DefaultHttpClientConnectionOperator.java:134)
	... 34 more
</failure>
  </testcase>
  <testcase time="1.031" classname="com.tagrem.cars.test.CarsNewTest" name="createContact">
    <failure message="Error communicating with the remote browser. It may have died.
Build info: version: &apos;2.48.2&apos;, revision: &apos;41bccdd10cf2c0560f637404c2d96164b67d9d67&apos;, time: &apos;2015-10-09 13:08:06&apos;
System info: host: &apos;VAIO&apos;, ip: &apos;10.0.1.55&apos;, os.name: &apos;Windows 8.1&apos;, os.arch: &apos;amd64&apos;, os.version: &apos;6.3&apos;, java.version: &apos;1.7.0_79&apos;
Driver info: driver.version: FirefoxDriver" type="org.openqa.selenium.remote.UnreachableBrowserException">org.openqa.selenium.remote.UnreachableBrowserException: Error communicating with the remote browser. It may have died.
Build info: version: &apos;2.48.2&apos;, revision: &apos;41bccdd10cf2c0560f637404c2d96164b67d9d67&apos;, time: &apos;2015-10-09 13:08:06&apos;
System info: host: &apos;VAIO&apos;, ip: &apos;10.0.1.55&apos;, os.name: &apos;Windows 8.1&apos;, os.arch: &apos;amd64&apos;, os.version: &apos;6.3&apos;, java.version: &apos;1.7.0_79&apos;
Driver info: driver.version: FirefoxDriver
	at org.openqa.selenium.remote.RemoteWebDriver.execute(RemoteWebDriver.java:641)
	at org.openqa.selenium.firefox.FirefoxDriver.access$100(FirefoxDriver.java:65)
	at org.openqa.selenium.firefox.FirefoxDriver$1$1.implicitlyWait(FirefoxDriver.java:244)
	at com.tagrem.cars.test.CreateContact.createContact(CreateContact.java:16)
	at com.tagrem.cars.test.CarsNewTest.createContact(CarsNewTest.java:57)
Caused by: org.apache.http.conn.HttpHostConnectException: Connect to 127.0.0.1:7055 [/127.0.0.1] failed: Connection refused: connect
	at org.apache.http.impl.conn.DefaultHttpClientConnectionOperator.connect(DefaultHttpClientConnectionOperator.java:151)
	at org.apache.http.impl.conn.PoolingHttpClientConnectionManager.connect(PoolingHttpClientConnectionManager.java:353)
	at org.apache.http.impl.execchain.MainClientExec.establishRoute(MainClientExec.java:380)
	at org.apache.http.impl.execchain.MainClientExec.execute(MainClientExec.java:236)
	at org.apache.http.impl.execchain.ProtocolExec.execute(ProtocolExec.java:184)
	at org.apache.http.impl.execchain.RetryExec.execute(RetryExec.java:88)
	at org.apache.http.impl.execchain.RedirectExec.execute(RedirectExec.java:110)
	at org.apache.http.impl.client.InternalHttpClient.doExecute(InternalHttpClient.java:184)
	at org.apache.http.impl.client.CloseableHttpClient.execute(CloseableHttpClient.java:71)
	at org.apache.http.impl.client.CloseableHttpClient.execute(CloseableHttpClient.java:55)
	at org.openqa.selenium.remote.internal.ApacheHttpClient.fallBackExecute(ApacheHttpClient.java:143)
	at org.openqa.selenium.remote.internal.ApacheHttpClient.execute(ApacheHttpClient.java:89)
	at org.openqa.selenium.remote.HttpCommandExecutor.execute(HttpCommandExecutor.java:142)
	at org.openqa.selenium.firefox.internal.NewProfileExtensionConnection.execute(NewProfileExtensionConnection.java:170)
	at org.openqa.selenium.firefox.FirefoxDriver$LazyCommandExecutor.execute(FirefoxDriver.java:380)
	at org.openqa.selenium.remote.RemoteWebDriver.execute(RemoteWebDriver.java:620)
	... 17 more
Caused by: java.net.ConnectException: Connection refused: connect
	at java.net.DualStackPlainSocketImpl.waitForConnect(Native Method)
	at java.net.DualStackPlainSocketImpl.socketConnect(DualStackPlainSocketImpl.java:85)
	at java.net.AbstractPlainSocketImpl.doConnect(AbstractPlainSocketImpl.java:339)
	at java.net.AbstractPlainSocketImpl.connectToAddress(AbstractPlainSocketImpl.java:200)
	at java.net.AbstractPlainSocketImpl.connect(AbstractPlainSocketImpl.java:182)
	at java.net.PlainSocketImpl.connect(PlainSocketImpl.java:172)
	at java.net.SocksSocketImpl.connect(SocksSocketImpl.java:392)
	at java.net.Socket.connect(Socket.java:579)
	at org.apache.http.conn.socket.PlainConnectionSocketFactory.connectSocket(PlainConnectionSocketFactory.java:74)
	at org.apache.http.impl.conn.DefaultHttpClientConnectionOperator.connect(DefaultHttpClientConnectionOperator.java:134)
	... 32 more
</failure>
  </testcase>
</testsuite>